2024-02-23 10:45:08 info: =================================
2024-02-23 10:45:08 info: ======= ENV: development =======
2024-02-23 10:45:08 info: 🚀 App listening on the port 3000
2024-02-23 10:45:08 info: =================================
2024-02-23 10:47:10 info: =================================
2024-02-23 10:47:10 info: ======= ENV: development =======
2024-02-23 10:47:10 info: 🚀 App listening on the port 3000
2024-02-23 10:47:10 info: =================================
2024-02-23 10:48:29 info: =================================
2024-02-23 10:48:29 info: ======= ENV: development =======
2024-02-23 10:48:29 info: 🚀 App listening on the port 3000
2024-02-23 10:48:29 info: =================================
2024-02-23 10:51:47 info: =================================
2024-02-23 10:51:47 info: ======= ENV: development =======
2024-02-23 10:51:47 info: 🚀 App listening on the port 3000
2024-02-23 10:51:47 info: =================================
2024-02-23 10:52:06 info: =================================
2024-02-23 10:52:06 info: ======= ENV: development =======
2024-02-23 10:52:06 info: 🚀 App listening on the port 3000
2024-02-23 10:52:06 info: =================================
2024-02-23 10:53:40 info: =================================
2024-02-23 10:53:40 info: ======= ENV: development =======
2024-02-23 10:53:40 info: 🚀 App listening on the port 3000
2024-02-23 10:53:40 info: =================================
2024-02-23 10:54:45 info: =================================
2024-02-23 10:54:45 info: ======= ENV: development =======
2024-02-23 10:54:45 info: 🚀 App listening on the port 3000
2024-02-23 10:54:45 info: =================================
2024-02-23 10:55:03 info: =================================
2024-02-23 10:55:03 info: ======= ENV: development =======
2024-02-23 10:55:03 info: 🚀 App listening on the port 3000
2024-02-23 10:55:03 info: =================================
2024-02-23 11:08:55 info: =================================
2024-02-23 11:08:55 info: ======= ENV: development =======
2024-02-23 11:08:55 info: 🚀 App listening on the port 3000
2024-02-23 11:08:55 info: =================================
2024-02-23 11:14:03 info: =================================
2024-02-23 11:14:03 info: ======= ENV: development =======
2024-02-23 11:14:03 info: 🚀 App listening on the port 3000
2024-02-23 11:14:03 info: =================================
2024-02-23 11:21:38 info: =================================
2024-02-23 11:21:38 info: ======= ENV: development =======
2024-02-23 11:21:38 info: 🚀 App listening on the port 3000
2024-02-23 11:21:38 info: =================================
2024-02-23 11:22:33 info: =================================
2024-02-23 11:22:33 info: ======= ENV: development =======
2024-02-23 11:22:33 info: 🚀 App listening on the port 3000
2024-02-23 11:22:33 info: =================================
2024-02-23 11:26:12 info: =================================
2024-02-23 11:26:12 info: ======= ENV: development =======
2024-02-23 11:26:12 info: 🚀 App listening on the port 3000
2024-02-23 11:26:12 info: =================================
2024-02-23 11:27:32 info: =================================
2024-02-23 11:27:32 info: ======= ENV: development =======
2024-02-23 11:27:32 info: 🚀 App listening on the port 3000
2024-02-23 11:27:32 info: =================================
2024-02-23 11:27:54 info: [0mGET /api-docs/ [32m200[0m 33.745 ms - -[0m
2024-02-23 11:27:55 info: [0mGET /api-docs/swagger-ui-init.js [32m200[0m 2.256 ms - -[0m
2024-02-23 11:27:55 info: [0mGET /api-docs/swagger-ui.css [32m200[0m 38.430 ms - -[0m
2024-02-23 11:27:55 info: [0mGET /api-docs/swagger-ui-bundle.js [32m200[0m 14.441 ms - -[0m
2024-02-23 11:27:55 info: [0mGET /api-docs/swagger-ui-standalone-preset.js [32m200[0m 178.060 ms - -[0m
2024-02-23 11:27:56 info: [0mGET /api-docs/favicon-32x32.png [32m200[0m 24.015 ms - 628[0m
2024-02-23 11:27:56 info: [0mGET /api-docs/favicon-32x32.png [36m304[0m 5.628 ms - -[0m
2024-02-23 11:32:13 info: =================================
2024-02-23 11:32:13 info: ======= ENV: development =======
2024-02-23 11:32:13 info: 🚀 App listening on the port 3000
2024-02-23 11:32:13 info: =================================
2024-02-23 11:36:18 info: [0mPOST /users [32m201[0m 2489.460 ms - 291[0m
2024-02-23 11:36:56 info: =================================
2024-02-23 11:36:56 info: ======= ENV: development =======
2024-02-23 11:36:56 info: 🚀 App listening on the port 3000
2024-02-23 11:36:56 info: =================================
