2024-02-19 08:03:05 info: =================================
2024-02-19 08:03:05 info: ======= ENV: development =======
2024-02-19 08:03:05 info: 🚀 App listening on the port 3000
2024-02-19 08:03:05 info: =================================
2024-02-19 08:05:59 info: =================================
2024-02-19 08:05:59 info: ======= ENV: development =======
2024-02-19 08:05:59 info: 🚀 App listening on the port 3000
2024-02-19 08:05:59 info: =================================
2024-02-19 08:10:21 info: =================================
2024-02-19 08:10:21 info: ======= ENV: development =======
2024-02-19 08:10:21 info: 🚀 App listening on the port 3000
2024-02-19 08:10:21 info: =================================
2024-02-19 08:18:48 info: [0mGET /api [33m404[0m 9.768 ms - 142[0m
2024-02-19 08:19:02 info: [0mGET /api-docs/ [32m200[0m 12.296 ms - -[0m
2024-02-19 08:19:03 info: [0mGET /api-docs/swagger-ui-init.js [32m200[0m 0.806 ms - -[0m
2024-02-19 08:19:03 info: [0mGET /api-docs/swagger-ui.css [32m200[0m 18.047 ms - -[0m
2024-02-19 08:19:03 info: [0mGET /api-docs/swagger-ui-bundle.js [32m200[0m 11.300 ms - -[0m
2024-02-19 08:19:03 info: [0mGET /api-docs/swagger-ui-standalone-preset.js [32m200[0m 122.611 ms - -[0m
2024-02-19 08:19:03 info: [0mGET /api-docs/favicon-32x32.png [32m200[0m 2.329 ms - 628[0m
2024-02-19 08:19:03 info: [0mGET /api-docs/favicon-32x32.png [36m304[0m 2.384 ms - -[0m
2024-02-19 08:19:56 info: [0mPOST /users [32m201[0m 125.134 ms - 294[0m
2024-02-19 08:20:18 info: [0mGET /users [32m200[0m 9.384 ms - 296[0m
2024-02-19 08:24:03 info: =================================
2024-02-19 08:24:03 info: ======= ENV: development =======
2024-02-19 08:24:03 info: 🚀 App listening on the port 3000
2024-02-19 08:24:03 info: =================================
2024-02-19 08:25:00 info: [0mGET /moc-kpis [32m200[0m 45.849 ms - 31[0m
2024-02-19 08:25:07 info: [0mPOST /moc-kpis [32m201[0m 38.993 ms - 209[0m
2024-02-19 08:25:52 info: [0mGET /moc-kpis [32m200[0m 5.117 ms - 197[0m
2024-02-19 08:29:07 info: =================================
2024-02-19 08:29:07 info: ======= ENV: development =======
2024-02-19 08:29:07 info: 🚀 App listening on the port 3000
2024-02-19 08:29:07 info: =================================
2024-02-19 08:29:14 info: [0mGET /moc-kpis [32m200[0m 52.972 ms - 475[0m
